android/app/build/intermediates/manifest_merge_blame_file/debug/manifest-merger-blame-debug-report.txt
1<?xml version="1.0" encoding="utf-8"?>
2<manifest xmlns:android="http://schemas.android.com/apk/res/android"
3    package="com.starwish.student_managment_app"
4    android:versionCode="1"
5    android:versionName="1.0.0" >
6
7    <uses-sdk
8        android:minSdkVersion="22"
9        android:targetSdkVersion="33" />
10    <!--
11         The INTERNET permission is required for development. Specifically,
12         the Flutter tool needs it to communicate with the running application
13         to allow setting breakpoints, to provide hot reload, etc.
14    -->
15    <uses-permission android:name="android.permission.INTERNET" />
15-->src\main\AndroidManifest.xml:2:5-66
15-->src\main\AndroidManifest.xml:2:22-64
16    <uses-permission android:name="android.permission.WRITE_EXTERNAL_STORAGE" />
16-->src\main\AndroidManifest.xml:3:5-80
16-->src\main\AndroidManifest.xml:3:22-78
17    <uses-permission android:name="android.permission.USE_BIOMETRIC" />
17-->src\main\AndroidManifest.xml:4:5-71
17-->src\main\AndroidManifest.xml:4:22-69
18    <!--
19 Required to query activities that can process text, see:
20         https://developer.android.com/training/package-visibility and
21         https://developer.android.com/reference/android/content/Intent#ACTION_PROCESS_TEXT.
22
23         In particular, this is used by the Flutter engine in io.flutter.plugin.text.ProcessTextPlugin.
24    -->
25    <queries>
25-->src\main\AndroidManifest.xml:70:5-75:15
26        <intent>
26-->src\main\AndroidManifest.xml:71:9-74:18
27            <action android:name="android.intent.action.PROCESS_TEXT" />
27-->src\main\AndroidManifest.xml:72:13-72
27-->src\main\AndroidManifest.xml:72:21-70
28
29            <data android:mimeType="text/plain" />
29-->src\main\AndroidManifest.xml:73:13-50
29-->src\main\AndroidManifest.xml:73:19-48
30        </intent>
31        <intent>
31-->[:file_picker] AndroidManifest.xml:14:9-18:18
32            <action android:name="android.intent.action.GET_CONTENT" />
32-->[:file_picker] AndroidManifest.xml:15:13-72
32-->[:file_picker] AndroidManifest.xml:15:21-69
33
34            <data android:mimeType="*/*" />
34-->src\main\AndroidManifest.xml:73:13-50
34-->src\main\AndroidManifest.xml:73:19-48
35        </intent>
36        <intent>
36-->[:twitter_login] AndroidManifest.xml:10:9-12:18
37            <action android:name="android.support.customtabs.action.CustomTabsService" />
37-->[:twitter_login] AndroidManifest.xml:11:13-90
37-->[:twitter_login] AndroidManifest.xml:11:21-87
38        </intent>
39
40        <package android:name="com.facebook.katana" />
40-->[com.facebook.android:facebook-common:17.0.0] AndroidManifest.xml:18:9-55
40-->[com.facebook.android:facebook-common:17.0.0] AndroidManifest.xml:18:18-52
41    </queries>
42    <queries>
42-->src\main\AndroidManifest.xml:70:5-75:15
43        <intent>
44            <action android:name="android.intent.action.TTS_SERVICE" />
45        </intent>
46    </queries>
47
48    <uses-permission
48-->[:file_picker] AndroidManifest.xml:9:5-11:38
49        android:name="android.permission.READ_EXTERNAL_STORAGE"
49-->[:file_picker] AndroidManifest.xml:10:9-64
50        android:maxSdkVersion="32" />
50-->[:file_picker] AndroidManifest.xml:11:9-35
51    <uses-permission android:name="android.permission.ACCESS_NETWORK_STATE" />
51-->[:firebase_analytics] AndroidManifest.xml:9:5-79
51-->[:firebase_analytics] AndroidManifest.xml:9:22-76
52    <uses-permission android:name="android.permission.WAKE_LOCK" /> <!-- Permissions options for the `notification` group -->
52-->[:firebase_analytics] AndroidManifest.xml:11:5-68
52-->[:firebase_analytics] AndroidManifest.xml:11:22-65
53    <uses-permission android:name="android.permission.POST_NOTIFICATIONS" />
53-->[:firebase_messaging] AndroidManifest.xml:13:5-77
53-->[:firebase_messaging] AndroidManifest.xml:13:22-74
54    <uses-permission android:name="android.permission.VIBRATE" /> <!-- Required by older versions of Google Play services to create IID tokens -->
54-->[:flutter_local_notifications] AndroidManifest.xml:9:5-66
54-->[:flutter_local_notifications] AndroidManifest.xml:9:22-63
55    <uses-permission android:name="com.google.android.c2dm.permission.RECEIVE" />
55-->[com.google.firebase:firebase-messaging:23.4.1] AndroidManifest.xml:26:5-82
55-->[com.google.firebase:firebase-messaging:23.4.1] AndroidManifest.xml:26:22-79
56    <uses-permission android:name="com.google.android.gms.permission.AD_ID" />
56-->[com.google.android.gms:play-services-measurement-api:21.6.1] AndroidManifest.xml:25:5-79
56-->[com.google.android.gms:play-services-measurement-api:21.6.1] AndroidManifest.xml:25:22-76
57    <uses-permission android:name="android.permission.ACCESS_ADSERVICES_ATTRIBUTION" />
57-->[com.google.android.gms:play-services-measurement-api:21.6.1] AndroidManifest.xml:26:5-88
57-->[com.google.android.gms:play-services-measurement-api:21.6.1] AndroidManifest.xml:26:22-85
58    <uses-permission android:name="android.permission.ACCESS_ADSERVICES_AD_ID" />
58-->[com.google.android.gms:play-services-measurement-api:21.6.1] AndroidManifest.xml:27:5-82
58-->[com.google.android.gms:play-services-measurement-api:21.6.1] AndroidManifest.xml:27:22-79
59    <uses-permission android:name="com.google.android.providers.gsf.permission.READ_GSERVICES" /> <!-- suppress DeprecatedClassUsageInspection -->
59-->[com.google.android.recaptcha:recaptcha:18.4.0] AndroidManifest.xml:9:5-98
59-->[com.google.android.recaptcha:recaptcha:18.4.0] AndroidManifest.xml:9:22-95
60    <uses-permission android:name="android.permission.USE_FINGERPRINT" />
60-->[androidx.biometric:biometric:1.1.0] AndroidManifest.xml:27:5-74
60-->[androidx.biometric:biometric:1.1.0] AndroidManifest.xml:27:22-71
61    <uses-permission android:name="com.google.android.finsky.permission.BIND_GET_INSTALL_REFERRER_SERVICE" />
61-->[com.google.android.gms:play-services-measurement:21.6.1] AndroidManifest.xml:26:5-110
61-->[com.google.android.gms:play-services-measurement:21.6.1] AndroidManifest.xml:26:22-107
62
63    <permission
63-->[androidx.core:core:1.13.1] AndroidManifest.xml:22:5-24:47
64        android:name="com.starwish.student_managment_app.DYNAMIC_RECEIVER_NOT_EXPORTED_PERMISSION"
64-->[androidx.core:core:1.13.1] AndroidManifest.xml:23:9-81
65        android:protectionLevel="signature" />
65-->[androidx.core:core:1.13.1] AndroidManifest.xml:24:9-44
66
67    <uses-permission android:name="com.starwish.student_managment_app.DYNAMIC_RECEIVER_NOT_EXPORTED_PERMISSION" />
67-->[androidx.core:core:1.13.1] AndroidManifest.xml:26:5-97
67-->[androidx.core:core:1.13.1] AndroidManifest.xml:26:22-94
68    <uses-permission android:name="android.permission.CAMERA" /> <!-- Don't require camera, as this requires a rear camera. This allows it to work on the Nexus 7 -->
68-->[com.journeyapps:zxing-android-embedded:4.3.0] AndroidManifest.xml:22:5-65
68-->[com.journeyapps:zxing-android-embedded:4.3.0] AndroidManifest.xml:22:22-62
69    <uses-feature
69-->[com.journeyapps:zxing-android-embedded:4.3.0] AndroidManifest.xml:25:5-27:36
70        android:name="android.hardware.camera"
70-->[com.journeyapps:zxing-android-embedded:4.3.0] AndroidManifest.xml:26:9-47
71        android:required="false" />
71-->[com.journeyapps:zxing-android-embedded:4.3.0] AndroidManifest.xml:27:9-33
72    <uses-feature
72-->[com.journeyapps:zxing-android-embedded:4.3.0] AndroidManifest.xml:28:5-30:36
73        android:name="android.hardware.camera.front"
73-->[com.journeyapps:zxing-android-embedded:4.3.0] AndroidManifest.xml:29:9-53
74        android:required="false" /> <!-- TODO replace above two with next line after Android 4.2 -->
74-->[com.journeyapps:zxing-android-embedded:4.3.0] AndroidManifest.xml:30:9-33
75    <!-- <uses-feature android:name="android.hardware.camera.any"/> -->
76    <uses-feature
76-->[com.journeyapps:zxing-android-embedded:4.3.0] AndroidManifest.xml:33:5-35:36
77        android:name="android.hardware.camera.autofocus"
77-->[com.journeyapps:zxing-android-embedded:4.3.0] AndroidManifest.xml:34:9-57
78        android:required="false" />
78-->[com.journeyapps:zxing-android-embedded:4.3.0] AndroidManifest.xml:35:9-33
79    <uses-feature
79-->[com.journeyapps:zxing-android-embedded:4.3.0] AndroidManifest.xml:36:5-38:36
80        android:name="android.hardware.camera.flash"
80-->[com.journeyapps:zxing-android-embedded:4.3.0] AndroidManifest.xml:37:9-53
81        android:required="false" />
81-->[com.journeyapps:zxing-android-embedded:4.3.0] AndroidManifest.xml:38:9-33
82    <uses-feature
82-->[com.journeyapps:zxing-android-embedded:4.3.0] AndroidManifest.xml:39:5-41:36
83        android:name="android.hardware.screen.landscape"
83-->[com.journeyapps:zxing-android-embedded:4.3.0] AndroidManifest.xml:40:9-57
84        android:required="false" />
84-->[com.journeyapps:zxing-android-embedded:4.3.0] AndroidManifest.xml:41:9-33
85    <uses-feature
85-->[com.journeyapps:zxing-android-embedded:4.3.0] AndroidManifest.xml:42:5-44:36
86        android:name="android.hardware.wifi"
86-->[com.journeyapps:zxing-android-embedded:4.3.0] AndroidManifest.xml:43:9-45
87        android:required="false" />
87-->[com.journeyapps:zxing-android-embedded:4.3.0] AndroidManifest.xml:44:9-33
88
89    <application
90        android:name="android.app.Application"
91        android:appComponentFactory="androidx.core.app.CoreComponentFactory"
91-->[androidx.core:core:1.13.1] AndroidManifest.xml:28:18-86
92        android:debuggable="true"
93        android:icon="@mipmap/launcher_icon"
94        android:label="Student Next Lights"
95        android:supportsRtl="true" >
95-->[com.facebook.android:facebook-login:17.0.0] AndroidManifest.xml:16:18-44
96        <activity
97            android:name="com.starwish.student_managment_app.MainActivity"
98            android:configChanges="orientation|keyboardHidden|keyboard|screenSize|smallestScreenSize|locale|layoutDirection|fontScale|screenLayout|density|uiMode"
99            android:exported="true"
100            android:hardwareAccelerated="true"
101            android:launchMode="singleTop"
102            android:taskAffinity=""
103            android:theme="@style/LaunchTheme"
104            android:windowSoftInputMode="adjustResize" >
105
106            <!--
107                 Specifies an Android theme to apply to this Activity as soon as
108                 the Android process has started. This theme is visible to the user
109                 while the Flutter UI initializes. After that, this theme continues
110                 to determine the Window background behind the Flutter UI.
111            -->
112            <meta-data
113                android:name="io.flutter.embedding.android.NormalTheme"
114                android:resource="@style/NormalTheme" />
115
116            <intent-filter>
117                <action android:name="android.intent.action.MAIN" />
118
119                <category android:name="android.intent.category.LAUNCHER" />
120            </intent-filter>
121        </activity>
122        <activity
123            android:name="com.linusu.flutter_web_auth.CallbackActivity"
124            android:exported="true" >
125            <intent-filter android:label="flutter_web_auth" >
126                <action android:name="android.intent.action.VIEW" />
126-->[com.google.firebase:firebase-auth:22.3.1] AndroidManifest.xml:36:17-69
126-->[com.google.firebase:firebase-auth:22.3.1] AndroidManifest.xml:36:25-66
127
128                <category android:name="android.intent.category.DEFAULT" />
128-->[com.google.firebase:firebase-auth:22.3.1] AndroidManifest.xml:38:17-76
128-->[com.google.firebase:firebase-auth:22.3.1] AndroidManifest.xml:38:27-73
129                <category android:name="android.intent.category.BROWSABLE" />
129-->[com.google.firebase:firebase-auth:22.3.1] AndroidManifest.xml:39:17-78
129-->[com.google.firebase:firebase-auth:22.3.1] AndroidManifest.xml:39:27-75
130
131                <data android:scheme="https://studio-next-light.firebaseapp.com/__/auth/handler" />
131-->src\main\AndroidManifest.xml:73:13-50
132            </intent-filter>
133        </activity>
134        <!--
135             Don't delete the meta-data below.
136             This is used by the Flutter tool to generate GeneratedPluginRegistrant.java
137        -->
138        <meta-data
139            android:name="flutterEmbedding"
140            android:value="2" />
141        <meta-data
142            android:name="com.facebook.sdk.ApplicationId"
143            android:value="@string/facebook_app_id" />
144        <meta-data
145            android:name="com.facebook.sdk.ClientToken"
146            android:value="@string/facebook_client_token" />
147        <meta-data
148            android:name="AdaptyPublicSdkKey"
149            android:value="public_live_W5jMSFqq.gitf0XIgDjRP7JjwFJN8" />
150
151        <activity
152            android:name="com.facebook.FacebookActivity"
153            android:configChanges="keyboard|keyboardHidden|screenLayout|screenSize|orientation"
153-->[com.facebook.android:facebook-common:17.0.0] AndroidManifest.xml:24:13-96
154            android:theme="@style/com_facebook_activity_theme" />
154-->[com.facebook.android:facebook-common:17.0.0] AndroidManifest.xml:25:13-63
155
156        <provider
157            android:name="com.facebook.FacebookContentProvider"
158            android:authorities="com.facebook.app.FacebookContentProvider"
159            android:exported="false" />
160
161        <activity
162            android:name="com.yalantis.ucrop.UCropActivity"
163            android:screenOrientation="portrait"
164            android:theme="@style/Theme.AppCompat.Light.NoActionBar" />
165
166        <service
166-->[:cloud_firestore] AndroidManifest.xml:10:9-14:19
167            android:name="com.google.firebase.components.ComponentDiscoveryService"
167-->[:cloud_firestore] AndroidManifest.xml:10:18-89
168            android:directBootAware="true"
168-->[com.google.firebase:firebase-common:20.4.3] AndroidManifest.xml:32:13-43
169            android:exported="false" >
169-->[com.google.firebase:firebase-auth:22.3.1] AndroidManifest.xml:68:13-37
170            <meta-data
170-->[:cloud_firestore] AndroidManifest.xml:11:13-13:85
171                android:name="com.google.firebase.components:io.flutter.plugins.firebase.firestore.FlutterFirebaseFirestoreRegistrar"
171-->[:cloud_firestore] AndroidManifest.xml:12:17-134
172                android:value="com.google.firebase.components.ComponentRegistrar" />
172-->[:cloud_firestore] AndroidManifest.xml:13:17-82
173            <meta-data
173-->[:firebase_analytics] AndroidManifest.xml:15:13-17:85
174                android:name="com.google.firebase.components:io.flutter.plugins.firebase.analytics.FlutterFirebaseAppRegistrar"
174-->[:firebase_analytics] AndroidManifest.xml:16:17-128
175                android:value="com.google.firebase.components.ComponentRegistrar" />
175-->[:firebase_analytics] AndroidManifest.xml:17:17-82
176            <meta-data
176-->[:firebase_auth] AndroidManifest.xml:11:13-13:85
177                android:name="com.google.firebase.components:io.flutter.plugins.firebase.auth.FlutterFirebaseAuthRegistrar"
177-->[:firebase_auth] AndroidManifest.xml:12:17-124
178                android:value="com.google.firebase.components.ComponentRegistrar" />
178-->[:firebase_auth] AndroidManifest.xml:13:17-82
179            <meta-data
179-->[:firebase_messaging] AndroidManifest.xml:38:13-40:85
180                android:name="com.google.firebase.components:io.flutter.plugins.firebase.messaging.FlutterFirebaseAppRegistrar"
180-->[:firebase_messaging] AndroidManifest.xml:39:17-128
181                android:value="com.google.firebase.components.ComponentRegistrar" />
181-->[:firebase_messaging] AndroidManifest.xml:40:17-82
182            <meta-data
182-->[:firebase_storage] AndroidManifest.xml:11:13-13:85
183                android:name="com.google.firebase.components:io.flutter.plugins.firebase.storage.FlutterFirebaseAppRegistrar"
183-->[:firebase_storage] AndroidManifest.xml:12:17-126
184                android:value="com.google.firebase.components.ComponentRegistrar" />
184-->[:firebase_storage] AndroidManifest.xml:13:17-82
185            <meta-data
185-->[:firebase_core] AndroidManifest.xml:11:13-13:85
186                android:name="com.google.firebase.components:io.flutter.plugins.firebase.core.FlutterFirebaseCoreRegistrar"
186-->[:firebase_core] AndroidManifest.xml:12:17-124
187                android:value="com.google.firebase.components.ComponentRegistrar" />
187-->[:firebase_core] AndroidManifest.xml:13:17-82
188            <meta-data
188-->[com.google.firebase:firebase-auth:22.3.1] AndroidManifest.xml:69:13-71:85
189                android:name="com.google.firebase.components:com.google.firebase.auth.FirebaseAuthRegistrar"
189-->[com.google.firebase:firebase-auth:22.3.1] AndroidManifest.xml:70:17-109
190                android:value="com.google.firebase.components.ComponentRegistrar" />
190-->[com.google.firebase:firebase-auth:22.3.1] AndroidManifest.xml:71:17-82
191            <meta-data
191-->[com.google.firebase:firebase-firestore:24.11.0] AndroidManifest.xml:17:13-19:85
192                android:name="com.google.firebase.components:com.google.firebase.firestore.FirebaseFirestoreKtxRegistrar"
192-->[com.google.firebase:firebase-firestore:24.11.0] AndroidManifest.xml:18:17-122
193                android:value="com.google.firebase.components.ComponentRegistrar" />
193-->[com.google.firebase:firebase-firestore:24.11.0] AndroidManifest.xml:19:17-82
194            <meta-data
194-->[com.google.firebase:firebase-firestore:24.11.0] AndroidManifest.xml:20:13-22:85
195                android:name="com.google.firebase.components:com.google.firebase.firestore.FirestoreRegistrar"
195-->[com.google.firebase:firebase-firestore:24.11.0] AndroidManifest.xml:21:17-111
196                android:value="com.google.firebase.components.ComponentRegistrar" />
196-->[com.google.firebase:firebase-firestore:24.11.0] AndroidManifest.xml:22:17-82
197            <meta-data
197-->[com.google.firebase:firebase-messaging:23.4.1] AndroidManifest.xml:57:13-59:85
198                android:name="com.google.firebase.components:com.google.firebase.messaging.FirebaseMessagingKtxRegistrar"
198-->[com.google.firebase:firebase-messaging:23.4.1] AndroidManifest.xml:58:17-122
199                android:value="com.google.firebase.components.ComponentRegistrar" />
199-->[com.google.firebase:firebase-messaging:23.4.1] AndroidManifest.xml:59:17-82
200            <meta-data
200-->[com.google.firebase:firebase-messaging:23.4.1] AndroidManifest.xml:60:13-62:85
201                android:name="com.google.firebase.components:com.google.firebase.messaging.FirebaseMessagingRegistrar"
201-->[com.google.firebase:firebase-messaging:23.4.1] AndroidManifest.xml:61:17-119
202                android:value="com.google.firebase.components.ComponentRegistrar" />
202-->[com.google.firebase:firebase-messaging:23.4.1] AndroidManifest.xml:62:17-82
203            <meta-data
203-->[com.google.firebase:firebase-storage:20.3.0] AndroidManifest.xml:30:13-32:85
204                android:name="com.google.firebase.components:com.google.firebase.storage.FirebaseStorageKtxRegistrar"
204-->[com.google.firebase:firebase-storage:20.3.0] AndroidManifest.xml:31:17-118
205                android:value="com.google.firebase.components.ComponentRegistrar" />
205-->[com.google.firebase:firebase-storage:20.3.0] AndroidManifest.xml:32:17-82
206            <meta-data
206-->[com.google.firebase:firebase-storage:20.3.0] AndroidManifest.xml:33:13-35:85
207                android:name="com.google.firebase.components:com.google.firebase.storage.StorageRegistrar"
207-->[com.google.firebase:firebase-storage:20.3.0] AndroidManifest.xml:34:17-107
208                android:value="com.google.firebase.components.ComponentRegistrar" />
208-->[com.google.firebase:firebase-storage:20.3.0] AndroidManifest.xml:35:17-82
209            <meta-data
209-->[com.google.android.gms:play-services-measurement-api:21.6.1] AndroidManifest.xml:37:13-39:85
210                android:name="com.google.firebase.components:com.google.firebase.analytics.connector.internal.AnalyticsConnectorRegistrar"
210-->[com.google.android.gms:play-services-measurement-api:21.6.1] AndroidManifest.xml:38:17-139
211                android:value="com.google.firebase.components.ComponentRegistrar" />
211-->[com.google.android.gms:play-services-measurement-api:21.6.1] AndroidManifest.xml:39:17-82
212            <meta-data
212-->[com.google.firebase:firebase-installations:17.2.0] AndroidManifest.xml:15:13-17:85
213                android:name="com.google.firebase.components:com.google.firebase.installations.FirebaseInstallationsKtxRegistrar"
213-->[com.google.firebase:firebase-installations:17.2.0] AndroidManifest.xml:16:17-130
214                android:value="com.google.firebase.components.ComponentRegistrar" />
214-->[com.google.firebase:firebase-installations:17.2.0] AndroidManifest.xml:17:17-82
215            <meta-data
215-->[com.google.firebase:firebase-installations:17.2.0] AndroidManifest.xml:18:13-20:85
216                android:name="com.google.firebase.components:com.google.firebase.installations.FirebaseInstallationsRegistrar"
216-->[com.google.firebase:firebase-installations:17.2.0] AndroidManifest.xml:19:17-127
217                android:value="com.google.firebase.components.ComponentRegistrar" />
217-->[com.google.firebase:firebase-installations:17.2.0] AndroidManifest.xml:20:17-82
218            <meta-data
218-->[com.google.firebase:firebase-appcheck:17.1.2] AndroidManifest.xml:25:13-27:85
219                android:name="com.google.firebase.components:com.google.firebase.appcheck.FirebaseAppCheckKtxRegistrar"
219-->[com.google.firebase:firebase-appcheck:17.1.2] AndroidManifest.xml:26:17-120
220                android:value="com.google.firebase.components.ComponentRegistrar" />
220-->[com.google.firebase:firebase-appcheck:17.1.2] AndroidManifest.xml:27:17-82
221            <meta-data
221-->[com.google.firebase:firebase-appcheck:17.1.2] AndroidManifest.xml:28:13-30:85
222                android:name="com.google.firebase.components:com.google.firebase.appcheck.FirebaseAppCheckRegistrar"
222-->[com.google.firebase:firebase-appcheck:17.1.2] AndroidManifest.xml:29:17-117
223                android:value="com.google.firebase.components.ComponentRegistrar" />
223-->[com.google.firebase:firebase-appcheck:17.1.2] AndroidManifest.xml:30:17-82
224            <meta-data
224-->[com.google.firebase:firebase-common-ktx:20.4.3] AndroidManifest.xml:12:13-14:85
225                android:name="com.google.firebase.components:com.google.firebase.ktx.FirebaseCommonLegacyRegistrar"
225-->[com.google.firebase:firebase-common-ktx:20.4.3] AndroidManifest.xml:13:17-116
226                android:value="com.google.firebase.components.ComponentRegistrar" />
226-->[com.google.firebase:firebase-common-ktx:20.4.3] AndroidManifest.xml:14:17-82
227            <meta-data
227-->[com.google.firebase:firebase-common:20.4.3] AndroidManifest.xml:35:13-37:85
228                android:name="com.google.firebase.components:com.google.firebase.FirebaseCommonKtxRegistrar"
228-->[com.google.firebase:firebase-common:20.4.3] AndroidManifest.xml:36:17-109
229                android:value="com.google.firebase.components.ComponentRegistrar" />
229-->[com.google.firebase:firebase-common:20.4.3] AndroidManifest.xml:37:17-82
230            <meta-data
230-->[com.google.firebase:firebase-datatransport:18.1.7] AndroidManifest.xml:27:13-29:85
231                android:name="com.google.firebase.components:com.google.firebase.datatransport.TransportRegistrar"
231-->[com.google.firebase:firebase-datatransport:18.1.7] AndroidManifest.xml:28:17-115
232                android:value="com.google.firebase.components.ComponentRegistrar" />
232-->[com.google.firebase:firebase-datatransport:18.1.7] AndroidManifest.xml:29:17-82
233        </service>
234        <service
234-->[:firebase_messaging] AndroidManifest.xml:16:9-19:72
235            android:name="io.flutter.plugins.firebase.messaging.FlutterFirebaseMessagingBackgroundService"
235-->[:firebase_messaging] AndroidManifest.xml:17:13-107
236            android:exported="false"
236-->[:firebase_messaging] AndroidManifest.xml:18:13-37
237            android:permission="android.permission.BIND_JOB_SERVICE" />
237-->[:firebase_messaging] AndroidManifest.xml:19:13-69
238        <service
238-->[:firebase_messaging] AndroidManifest.xml:20:9-26:19
239            android:name="io.flutter.plugins.firebase.messaging.FlutterFirebaseMessagingService"
239-->[:firebase_messaging] AndroidManifest.xml:21:13-97
240            android:exported="false" >
240-->[:firebase_messaging] AndroidManifest.xml:22:13-37
241            <intent-filter>
241-->[:firebase_messaging] AndroidManifest.xml:23:13-25:29
242                <action android:name="com.google.firebase.MESSAGING_EVENT" />
242-->[:firebase_messaging] AndroidManifest.xml:24:17-78
242-->[:firebase_messaging] AndroidManifest.xml:24:25-75
243            </intent-filter>
244        </service>
245
246        <receiver
246-->[:firebase_messaging] AndroidManifest.xml:28:9-35:20
247            android:name="io.flutter.plugins.firebase.messaging.FlutterFirebaseMessagingReceiver"
247-->[:firebase_messaging] AndroidManifest.xml:29:13-98
248            android:exported="true"
248-->[:firebase_messaging] AndroidManifest.xml:30:13-36
249            android:permission="com.google.android.c2dm.permission.SEND" >
249-->[:firebase_messaging] AndroidManifest.xml:31:13-73
250            <intent-filter>
250-->[:firebase_messaging] AndroidManifest.xml:32:13-34:29
251                <action android:name="com.google.android.c2dm.intent.RECEIVE" />
251-->[:firebase_messaging] AndroidManifest.xml:33:17-81
251-->[:firebase_messaging] AndroidManifest.xml:33:25-78
252            </intent-filter>
253        </receiver>
254
255        <provider
255-->[:firebase_messaging] AndroidManifest.xml:43:9-47:38
256            android:name="io.flutter.plugins.firebase.messaging.FlutterFirebaseMessagingInitProvider"
256-->[:firebase_messaging] AndroidManifest.xml:44:13-102
257            android:authorities="com.starwish.student_managment_app.flutterfirebasemessaginginitprovider"
257-->[:firebase_messaging] AndroidManifest.xml:45:13-88
258            android:exported="false"
258-->[:firebase_messaging] AndroidManifest.xml:46:13-37
259            android:initOrder="99" />
259-->[:firebase_messaging] AndroidManifest.xml:47:13-35
260        <provider
260-->[:image_picker_android] AndroidManifest.xml:11:9-19:20
261            android:name="io.flutter.plugins.imagepicker.ImagePickerFileProvider"
261-->[:image_picker_android] AndroidManifest.xml:12:13-82
262            android:authorities="com.starwish.student_managment_app.flutter.image_provider"
262-->[:image_picker_android] AndroidManifest.xml:13:13-74
263            android:exported="false"
263-->[:image_picker_android] AndroidManifest.xml:14:13-37
264            android:grantUriPermissions="true" >
264-->[:image_picker_android] AndroidManifest.xml:15:13-47
265            <meta-data
265-->[:image_picker_android] AndroidManifest.xml:16:13-18:75
266                android:name="android.support.FILE_PROVIDER_PATHS"
266-->[:image_picker_android] AndroidManifest.xml:17:17-67
267                android:resource="@xml/flutter_image_picker_file_paths" />
267-->[:image_picker_android] AndroidManifest.xml:18:17-72
268        </provider> <!-- Trigger Google Play services to install the backported photo picker module. -->
269        <service
269-->[:image_picker_android] AndroidManifest.xml:21:9-33:19
270            android:name="com.google.android.gms.metadata.ModuleDependencies"
270-->[:image_picker_android] AndroidManifest.xml:22:13-78
271            android:enabled="false"
271-->[:image_picker_android] AndroidManifest.xml:23:13-36
272            android:exported="false" >
272-->[:image_picker_android] AndroidManifest.xml:24:13-37
273            <intent-filter>
273-->[:image_picker_android] AndroidManifest.xml:26:13-28:29
274                <action android:name="com.google.android.gms.metadata.MODULE_DEPENDENCIES" />
274-->[:image_picker_android] AndroidManifest.xml:27:17-94
274-->[:image_picker_android] AndroidManifest.xml:27:25-91
275            </intent-filter>
276
277            <meta-data
277-->[:image_picker_android] AndroidManifest.xml:30:13-32:36
278                android:name="photopicker_activity:0:required"
278-->[:image_picker_android] AndroidManifest.xml:31:17-63
279                android:value="" />
279-->[:image_picker_android] AndroidManifest.xml:32:17-33
280        </service>
281
282        <provider
282-->[:open_file_android] AndroidManifest.xml:11:9-21:20
283            android:name="com.crazecoder.openfile.FileProvider"
283-->[:open_file_android] AndroidManifest.xml:12:13-64
284            android:authorities="com.starwish.student_managment_app.fileProvider.com.crazecoder.openfile"
284-->[:open_file_android] AndroidManifest.xml:13:13-88
285            android:exported="false"
285-->[:open_file_android] AndroidManifest.xml:14:13-37
286            android:grantUriPermissions="true"
286-->[:open_file_android] AndroidManifest.xml:15:13-47
287            android:requestLegacyExternalStorage="true" >
287-->[:open_file_android] AndroidManifest.xml:16:13-56
288            <meta-data
288-->[:image_picker_android] AndroidManifest.xml:16:13-18:75
289                android:name="android.support.FILE_PROVIDER_PATHS"
289-->[:image_picker_android] AndroidManifest.xml:17:17-67
290                android:resource="@xml/filepaths" />
290-->[:image_picker_android] AndroidManifest.xml:18:17-72
291        </provider>
292        <provider
292-->[:share] AndroidManifest.xml:10:9-18:20
293            android:name="io.flutter.plugins.share.ShareFileProvider"
293-->[:share] AndroidManifest.xml:11:13-70